<?xml version="1.0" encoding="UTF-8"?>
<!-- Generated by org.testng.reporters.JUnitReportReporter -->
<testsuite hostname="DESKTOP-6U3E7TE" failures="0" tests="1" name="com.Grow.POM.LoginPOMClass" time="0.014" errors="0" timestamp="2022-08-02T21:42:24 IST" skipped="0">
  <testcase classname="com.Grow.POM.LoginPOMClass" name="method1" time="0.014"/>
  <system-out/>
</testsuite> <!-- com.Grow.POM.LoginPOMClass -->
